<?xml version="1.0" encoding="UTF-8"?>
<testsuite xmlns:xsi="http://www.w3.org/2001/XMLSchema-instance" xsi:noNamespaceSchemaLocation="https://maven.apache.org/surefire/maven-surefire-plugin/xsd/surefire-test-report-3.0.xsd" version="3.0" name="Teste2" time="1.437" tests="1" errors="0" skipped="0" failures="0">
  <properties>
    <property name="java.specification.version" value="21"/>
    <property name="sun.jnu.encoding" value="UTF-8"/>
    <property name="java.class.path" value="/home/igor/bcc/2024.1/Tecnologias de Orientacao a Objetos/SistemaAnaliseDeSoloLPOO/target/test-classes:/home/igor/bcc/2024.1/Tecnologias de Orientacao a Objetos/SistemaAnaliseDeSoloLPOO/target/classes:/home/igor/.m2/repository/org/hibernate/javax/persistence/hibernate-jpa-2.1-api/1.0.2.Final/hibernate-jpa-2.1-api-1.0.2.Final.jar:/home/igor/.m2/repository/org/hibernate/hibernate-core/5.3.3.Final/hibernate-core-5.3.3.Final.jar:/home/igor/.m2/repository/org/jboss/logging/jboss-logging/3.3.2.Final/jboss-logging-3.3.2.Final.jar:/home/igor/.m2/repository/javax/persistence/javax.persistence-api/2.2/javax.persistence-api-2.2.jar:/home/igor/.m2/repository/org/javassist/javassist/3.23.1-GA/javassist-3.23.1-GA.jar:/home/igor/.m2/repository/net/bytebuddy/byte-buddy/1.8.13/byte-buddy-1.8.13.jar:/home/igor/.m2/repository/antlr/antlr/2.7.7/antlr-2.7.7.jar:/home/igor/.m2/repository/org/jboss/spec/javax/transaction/jboss-transaction-api_1.2_spec/1.1.1.Final/jboss-transaction-api_1.2_spec-1.1.1.Final.jar:/home/igor/.m2/repository/org/jboss/jandex/2.0.5.Final/jandex-2.0.5.Final.jar:/home/igor/.m2/repository/com/fasterxml/classmate/1.3.4/classmate-1.3.4.jar:/home/igor/.m2/repository/javax/activation/javax.activation-api/1.2.0/javax.activation-api-1.2.0.jar:/home/igor/.m2/repository/dom4j/dom4j/1.6.1/dom4j-1.6.1.jar:/home/igor/.m2/repository/org/hibernate/common/hibernate-commons-annotations/5.0.4.Final/hibernate-commons-annotations-5.0.4.Final.jar:/home/igor/.m2/repository/junit/junit/4.11/junit-4.11.jar:/home/igor/.m2/repository/org/hamcrest/hamcrest-core/1.3/hamcrest-core-1.3.jar:/home/igor/.m2/repository/org/postgresql/postgresql/42.2.24/postgresql-42.2.24.jar:/home/igor/.m2/repository/org/checkerframework/checker-qual/3.5.0/checker-qual-3.5.0.jar:/home/igor/.m2/repository/org/hibernate/hibernate-entitymanager/4.3.1.Final/hibernate-entitymanager-4.3.1.Final.jar:/home/igor/.m2/repository/org/jboss/logging/jboss-logging-annotations/1.2.0.Beta1/jboss-logging-annotations-1.2.0.Beta1.jar:/home/igor/.m2/repository/javax/xml/bind/jaxb-api/2.3.0/jaxb-api-2.3.0.jar:/home/igor/.m2/repository/org/eclipse/persistence/org.eclipse.persistence.core/2.7.12/org.eclipse.persistence.core-2.7.12.jar:/home/igor/.m2/repository/org/eclipse/persistence/org.eclipse.persistence.asm/9.4.0/org.eclipse.persistence.asm-9.4.0.jar:/home/igor/.m2/repository/org/eclipse/persistence/org.eclipse.persistence.antlr/2.7.12/org.eclipse.persistence.antlr-2.7.12.jar:/home/igor/.m2/repository/org/eclipse/persistence/org.eclipse.persistence.jpa/2.7.12/org.eclipse.persistence.jpa-2.7.12.jar:/home/igor/.m2/repository/org/eclipse/persistence/org.eclipse.persistence.jpa.jpql/2.7.12/org.eclipse.persistence.jpa.jpql-2.7.12.jar:/home/igor/.m2/repository/org/eclipse/persistence/org.eclipse.persistence.moxy/2.7.12/org.eclipse.persistence.moxy-2.7.12.jar:/home/igor/.m2/repository/org/eclipse/persistence/jakarta.persistence/2.2.3/jakarta.persistence-2.2.3.jar:/home/igor/.m2/repository/org/eclipse/persistence/org.eclipse.persistence.jpa.modelgen.processor/2.7.12/org.eclipse.persistence.jpa.modelgen.processor-2.7.12.jar:"/>
    <property name="java.vm.vendor" value="Ubuntu"/>
    <property name="sun.arch.data.model" value="64"/>
    <property name="java.vendor.url" value="https://ubuntu.com/"/>
    <property name="os.name" value="Linux"/>
    <property name="java.vm.specification.version" value="21"/>
    <property name="user.country" value="US"/>
    <property name="sun.java.launcher" value="SUN_STANDARD"/>
    <property name="sun.boot.library.path" value="/usr/lib/jvm/java-21-openjdk-amd64/lib"/>
    <property name="sun.java.command" value="/home/igor/bcc/2024.1/Tecnologias de Orientacao a Objetos/SistemaAnaliseDeSoloLPOO/target/surefire/surefirebooter-20241105093506748_3.jar /home/igor/bcc/2024.1/Tecnologias de Orientacao a Objetos/SistemaAnaliseDeSoloLPOO/target/surefire 2024-11-05T09-35-06_669-jvmRun1 surefire-20241105093506748_1tmp surefire_0-20241105093506748_2tmp"/>
    <property name="jdk.debug" value="release"/>
    <property name="test" value="Teste2"/>
    <property name="surefire.test.class.path" value="/home/igor/bcc/2024.1/Tecnologias de Orientacao a Objetos/SistemaAnaliseDeSoloLPOO/target/test-classes:/home/igor/bcc/2024.1/Tecnologias de Orientacao a Objetos/SistemaAnaliseDeSoloLPOO/target/classes:/home/igor/.m2/repository/org/hibernate/javax/persistence/hibernate-jpa-2.1-api/1.0.2.Final/hibernate-jpa-2.1-api-1.0.2.Final.jar:/home/igor/.m2/repository/org/hibernate/hibernate-core/5.3.3.Final/hibernate-core-5.3.3.Final.jar:/home/igor/.m2/repository/org/jboss/logging/jboss-logging/3.3.2.Final/jboss-logging-3.3.2.Final.jar:/home/igor/.m2/repository/javax/persistence/javax.persistence-api/2.2/javax.persistence-api-2.2.jar:/home/igor/.m2/repository/org/javassist/javassist/3.23.1-GA/javassist-3.23.1-GA.jar:/home/igor/.m2/repository/net/bytebuddy/byte-buddy/1.8.13/byte-buddy-1.8.13.jar:/home/igor/.m2/repository/antlr/antlr/2.7.7/antlr-2.7.7.jar:/home/igor/.m2/repository/org/jboss/spec/javax/transaction/jboss-transaction-api_1.2_spec/1.1.1.Final/jboss-transaction-api_1.2_spec-1.1.1.Final.jar:/home/igor/.m2/repository/org/jboss/jandex/2.0.5.Final/jandex-2.0.5.Final.jar:/home/igor/.m2/repository/com/fasterxml/classmate/1.3.4/classmate-1.3.4.jar:/home/igor/.m2/repository/javax/activation/javax.activation-api/1.2.0/javax.activation-api-1.2.0.jar:/home/igor/.m2/repository/dom4j/dom4j/1.6.1/dom4j-1.6.1.jar:/home/igor/.m2/repository/org/hibernate/common/hibernate-commons-annotations/5.0.4.Final/hibernate-commons-annotations-5.0.4.Final.jar:/home/igor/.m2/repository/junit/junit/4.11/junit-4.11.jar:/home/igor/.m2/repository/org/hamcrest/hamcrest-core/1.3/hamcrest-core-1.3.jar:/home/igor/.m2/repository/org/postgresql/postgresql/42.2.24/postgresql-42.2.24.jar:/home/igor/.m2/repository/org/checkerframework/checker-qual/3.5.0/checker-qual-3.5.0.jar:/home/igor/.m2/repository/org/hibernate/hibernate-entitymanager/4.3.1.Final/hibernate-entitymanager-4.3.1.Final.jar:/home/igor/.m2/repository/org/jboss/logging/jboss-logging-annotations/1.2.0.Beta1/jboss-logging-annotations-1.2.0.Beta1.jar:/home/igor/.m2/repository/javax/xml/bind/jaxb-api/2.3.0/jaxb-api-2.3.0.jar:/home/igor/.m2/repository/org/eclipse/persistence/org.eclipse.persistence.core/2.7.12/org.eclipse.persistence.core-2.7.12.jar:/home/igor/.m2/repository/org/eclipse/persistence/org.eclipse.persistence.asm/9.4.0/org.eclipse.persistence.asm-9.4.0.jar:/home/igor/.m2/repository/org/eclipse/persistence/org.eclipse.persistence.antlr/2.7.12/org.eclipse.persistence.antlr-2.7.12.jar:/home/igor/.m2/repository/org/eclipse/persistence/org.eclipse.persistence.jpa/2.7.12/org.eclipse.persistence.jpa-2.7.12.jar:/home/igor/.m2/repository/org/eclipse/persistence/org.eclipse.persistence.jpa.jpql/2.7.12/org.eclipse.persistence.jpa.jpql-2.7.12.jar:/home/igor/.m2/repository/org/eclipse/persistence/org.eclipse.persistence.moxy/2.7.12/org.eclipse.persistence.moxy-2.7.12.jar:/home/igor/.m2/repository/org/eclipse/persistence/jakarta.persistence/2.2.3/jakarta.persistence-2.2.3.jar:/home/igor/.m2/repository/org/eclipse/persistence/org.eclipse.persistence.jpa.modelgen.processor/2.7.12/org.eclipse.persistence.jpa.modelgen.processor-2.7.12.jar:"/>
    <property name="sun.cpu.endian" value="little"/>
    <property name="user.home" value="/home/igor"/>
    <property name="user.language" value="en"/>
    <property name="java.specification.vendor" value="Oracle Corporation"/>
    <property name="java.version.date" value="2024-07-16"/>
    <property name="java.home" value="/usr/lib/jvm/java-21-openjdk-amd64"/>
    <property name="file.separator" value="/"/>
    <property name="basedir" value="/home/igor/bcc/2024.1/Tecnologias de Orientacao a Objetos/SistemaAnaliseDeSoloLPOO"/>
    <property name="java.vm.compressedOopsMode" value="32-bit"/>
    <property name="line.separator" value="&#10;"/>
    <property name="java.specification.name" value="Java Platform API Specification"/>
    <property name="java.vm.specification.vendor" value="Oracle Corporation"/>
    <property name="surefire.real.class.path" value="/home/igor/bcc/2024.1/Tecnologias de Orientacao a Objetos/SistemaAnaliseDeSoloLPOO/target/surefire/surefirebooter-20241105093506748_3.jar"/>
    <property name="sun.management.compiler" value="HotSpot 64-Bit Tiered Compilers"/>
    <property name="java.runtime.version" value="21.0.4+7-Ubuntu-1ubuntu224.04"/>
    <property name="user.name" value="igor"/>
    <property name="stdout.encoding" value="UTF-8"/>
    <property name="path.separator" value=":"/>
    <property name="os.version" value="6.8.0-48-generic"/>
    <property name="java.runtime.name" value="OpenJDK Runtime Environment"/>
    <property name="file.encoding" value="UTF-8"/>
    <property name="java.vm.name" value="OpenJDK 64-Bit Server VM"/>
    <property name="maven.ext.class.path" value="/snap/netbeans/111/netbeans/java/maven-nblib/netbeans-eventspy.jar"/>
    <property name="localRepository" value="/home/igor/.m2/repository"/>
    <property name="java.vendor.url.bug" value="https://bugs.launchpad.net/ubuntu/+source/openjdk-21"/>
    <property name="java.io.tmpdir" value="/tmp"/>
    <property name="java.version" value="21.0.4"/>
    <property name="user.dir" value="/home/igor/bcc/2024.1/Tecnologias de Orientacao a Objetos/SistemaAnaliseDeSoloLPOO"/>
    <property name="os.arch" value="amd64"/>
    <property name="java.vm.specification.name" value="Java Virtual Machine Specification"/>
    <property name="native.encoding" value="UTF-8"/>
    <property name="java.library.path" value="/usr/java/packages/lib:/usr/lib/x86_64-linux-gnu/jni:/lib/x86_64-linux-gnu:/usr/lib/x86_64-linux-gnu:/usr/lib/jni:/lib:/usr/lib"/>
    <property name="java.vm.info" value="mixed mode, sharing"/>
    <property name="stderr.encoding" value="UTF-8"/>
    <property name="java.vendor" value="Ubuntu"/>
    <property name="java.vm.version" value="21.0.4+7-Ubuntu-1ubuntu224.04"/>
    <property name="sun.io.unicode.encoding" value="UnicodeLittle"/>
    <property name="java.class.version" value="65.0"/>
  </properties>
  <testcase name="testePersistencia" classname="Teste2" time="0.041">
    <system-out><![CDATA[Hibernate: alter table tb_defensivoAgricola drop constraint FK7hy159c8ntqt5yvofd56bod1n
Hibernate: alter table tb_fertilizante drop constraint FK6h987kwgbcmamv3rbedgbv5d4
Hibernate: alter table tb_insumo drop constraint FKq64n5x15n10wet5ph93duyfxe
Hibernate: alter table tb_parcela drop constraint FKcq87r1u014yy1w8c7hoiqpp3u
Hibernate: drop table if exists tb_agricultor cascade
Hibernate: drop table if exists tb_defensivoAgricola cascade
Hibernate: drop table if exists tb_fertilizante cascade
Hibernate: drop table if exists tb_insumo cascade
Hibernate: drop table if exists tb_parcela cascade
Hibernate: create table tb_agricultor (id  bigserial not null, contato varchar(100), nome varchar(50), primary key (id))
Hibernate: create table tb_defensivoAgricola (categoria varchar(100), id int8 not null, primary key (id))
Hibernate: create table tb_fertilizante (quantidade float8 not null, id int8 not null, primary key (id))
Hibernate: create table tb_insumo (id  bigserial not null, dataAplicacao timestamp, nome varchar(50), parcela_id int8, primary key (id))
Hibernate: create table tb_parcela (id  bigserial not null, ph float8 not null, tipoSolo varchar(50), umidade float8 not null, agricultor_id int8, primary key (id))
Hibernate: alter table tb_defensivoAgricola add constraint FK7hy159c8ntqt5yvofd56bod1n foreign key (id) references tb_insumo
Hibernate: alter table tb_fertilizante add constraint FK6h987kwgbcmamv3rbedgbv5d4 foreign key (id) references tb_insumo
Hibernate: alter table tb_insumo add constraint FKq64n5x15n10wet5ph93duyfxe foreign key (parcela_id) references tb_parcela
Hibernate: alter table tb_parcela add constraint FKcq87r1u014yy1w8c7hoiqpp3u foreign key (agricultor_id) references tb_agricultor
Hibernate: insert into tb_agricultor (contato, nome) values (?, ?)
Hibernate: insert into tb_parcela (agricultor_id, ph, tipoSolo, umidade) values (?, ?, ?, ?)
Hibernate: insert into tb_insumo (dataAplicacao, nome, parcela_id) values (?, ?, ?)
Hibernate: insert into tb_fertilizante (quantidade, id) values (?, ?)
Hibernate: insert into tb_insumo (dataAplicacao, nome, parcela_id) values (?, ?, ?)
Hibernate: insert into tb_defensivoAgricola (categoria, id) values (?, ?)
]]></system-out>
    <system-err><![CDATA[Nov 05, 2024 9:35:07 AM org.hibernate.ejb.HibernatePersistence logDeprecation
WARN: HHH015016: Encountered a deprecated javax.persistence.spi.PersistenceProvider [org.hibernate.ejb.HibernatePersistence]; use [org.hibernate.jpa.HibernatePersistenceProvider] instead.
Nov 05, 2024 9:35:07 AM org.hibernate.ejb.HibernatePersistence logDeprecation
WARN: HHH015016: Encountered a deprecated javax.persistence.spi.PersistenceProvider [org.hibernate.ejb.HibernatePersistence]; use [org.hibernate.jpa.HibernatePersistenceProvider] instead.
Nov 05, 2024 9:35:07 AM org.hibernate.jpa.internal.util.LogHelper logPersistenceUnitInformation
INFO: HHH000204: Processing PersistenceUnitInfo [
	name: pu_lpoo_analisesolo
	...]
Nov 05, 2024 9:35:07 AM org.hibernate.Version logVersion
INFO: HHH000412: Hibernate Core {5.3.3.Final}
Nov 05, 2024 9:35:07 AM org.hibernate.cfg.Environment <clinit>
INFO: HHH000206: hibernate.properties not found
Nov 05, 2024 9:35:07 AM org.hibernate.annotations.common.reflection.java.JavaReflectionManager <clinit>
INFO: HCANN000001: Hibernate Commons Annotations {5.0.4.Final}
Nov 05, 2024 9:35:07 AM org.hibernate.engine.jdbc.connections.internal.DriverManagerConnectionProviderImpl configure
WARN: HHH10001002: Using Hibernate built-in connection pool (not for production use!)
Nov 05, 2024 9:35:07 AM org.hibernate.engine.jdbc.connections.internal.DriverManagerConnectionProviderImpl buildCreator
INFO: HHH10001005: using driver [org.postgresql.Driver] at URL [jdbc:postgresql://localhost:5432/postgres]
Nov 05, 2024 9:35:07 AM org.hibernate.engine.jdbc.connections.internal.DriverManagerConnectionProviderImpl buildCreator
INFO: HHH10001001: Connection properties: {password=****, user=postgres}
Nov 05, 2024 9:35:07 AM org.hibernate.engine.jdbc.connections.internal.DriverManagerConnectionProviderImpl buildCreator
INFO: HHH10001003: Autocommit mode: false
Nov 05, 2024 9:35:07 AM org.hibernate.engine.jdbc.connections.internal.DriverManagerConnectionProviderImpl$PooledConnections <init>
INFO: HHH000115: Hibernate connection pool size: 20 (min=1)
Nov 05, 2024 9:35:07 AM org.hibernate.dialect.Dialect <init>
INFO: HHH000400: Using dialect: org.hibernate.dialect.PostgreSQLDialect
Nov 05, 2024 9:35:07 AM org.hibernate.engine.jdbc.env.internal.LobCreatorBuilderImpl useContextualLobCreation
INFO: HHH000424: Disabling contextual LOB creation as createClob() method threw error : java.lang.reflect.InvocationTargetException
Nov 05, 2024 9:35:07 AM org.hibernate.type.BasicTypeRegistry register
INFO: HHH000270: Type registration [java.util.UUID] overrides previous : org.hibernate.type.UUIDBinaryType@26f1249d
Nov 05, 2024 9:35:07 AM org.hibernate.tuple.PojoInstantiator <init>
INFO: HHH000182: No default (no-argument) constructor for class: Fertilizante (class must be instantiated by Interceptor)
Nov 05, 2024 9:35:08 AM org.hibernate.tuple.PojoInstantiator <init>
INFO: HHH000182: No default (no-argument) constructor for class: Parcela (class must be instantiated by Interceptor)
Nov 05, 2024 9:35:08 AM org.hibernate.tuple.PojoInstantiator <init>
INFO: HHH000182: No default (no-argument) constructor for class: DefensivoAgricola (class must be instantiated by Interceptor)
Nov 05, 2024 9:35:08 AM org.hibernate.resource.transaction.backend.jdbc.internal.DdlTransactionIsolatorNonJtaImpl getIsolatedConnection
INFO: HHH10001501: Connection obtained from JdbcConnectionAccess [org.hibernate.engine.jdbc.env.internal.JdbcEnvironmentInitiator$ConnectionProviderJdbcConnectionAccess@34c70b5e] for (non-JTA) DDL execution was not in auto-commit mode; the Connection 'local transaction' will be committed and the Connection will be set into auto-commit mode.
Nov 05, 2024 9:35:08 AM org.hibernate.resource.transaction.backend.jdbc.internal.DdlTransactionIsolatorNonJtaImpl getIsolatedConnection
INFO: HHH10001501: Connection obtained from JdbcConnectionAccess [org.hibernate.engine.jdbc.env.internal.JdbcEnvironmentInitiator$ConnectionProviderJdbcConnectionAccess@b46e103] for (non-JTA) DDL execution was not in auto-commit mode; the Connection 'local transaction' will be committed and the Connection will be set into auto-commit mode.
Nov 05, 2024 9:35:08 AM org.hibernate.tool.schema.internal.SchemaCreatorImpl applyImportSources
INFO: HHH000476: Executing import script 'org.hibernate.tool.schema.internal.exec.ScriptSourceInputNonExistentImpl@705a8dbc'
]]></system-err>
  </testcase>
</testsuite>